  Communicator.cpp
C:\Users\user\Documents\magshimim\year 2\cpp class\Trivia\Server\Trivia\JsonRequestPacketDeserializer.h(24,2): warning C4091:  'static ': ignored on left of 'JsonRequestPacketDeserializer' when no variable is declared
  Helper.cpp
  HighscoreTable.cpp
C:\Users\user\Documents\magshimim\year 2\cpp class\Trivia\Server\Trivia\JsonResponsePacketSerializer.h(48,2): warning C4091:  'static ': ignored on left of 'JsonResponsePacketSerializer' when no variable is declared
C:\Users\user\Documents\magshimim\year 2\cpp class\Trivia\Server\Trivia\JsonRequestPacketDeserializer.h(24,2): warning C4091:  'static ': ignored on left of 'JsonRequestPacketDeserializer' when no variable is declared
  JsonRequestPacketDeserializer.cpp
C:\Users\user\Documents\magshimim\year 2\cpp class\Trivia\Server\Trivia\JsonResponsePacketSerializer.h(48,2): warning C4091:  'static ': ignored on left of 'JsonResponsePacketSerializer' when no variable is declared
  JsonResponsePacketSerializer.cpp
C:\Users\user\Documents\magshimim\year 2\cpp class\Trivia\Server\Trivia\JsonRequestPacketDeserializer.h(24,2): warning C4091:  'static ': ignored on left of 'JsonRequestPacketDeserializer' when no variable is declared
  LoginRequestHandler.cpp
C:\Users\user\Documents\magshimim\year 2\cpp class\Trivia\Server\Trivia\JsonResponsePacketSerializer.h(48,2): warning C4091:  'static ': ignored on left of 'JsonResponsePacketSerializer' when no variable is declared
C:\Users\user\Documents\magshimim\year 2\cpp class\Trivia\Server\Trivia\JsonRequestPacketDeserializer.h(24,2): warning C4091:  'static ': ignored on left of 'JsonRequestPacketDeserializer' when no variable is declared
  MenuRequestHandler.cpp
C:\Users\user\Documents\magshimim\year 2\cpp class\Trivia\Server\Trivia\JsonResponsePacketSerializer.h(48,2): warning C4091:  'static ': ignored on left of 'JsonResponsePacketSerializer' when no variable is declared
C:\Users\user\Documents\magshimim\year 2\cpp class\Trivia\Server\Trivia\JsonRequestPacketDeserializer.h(24,2): warning C4091:  'static ': ignored on left of 'JsonRequestPacketDeserializer' when no variable is declared
  RequestHandlerFactory.cpp
C:\Users\user\Documents\magshimim\year 2\cpp class\Trivia\Server\Trivia\JsonResponsePacketSerializer.h(48,2): warning C4091:  'static ': ignored on left of 'JsonResponsePacketSerializer' when no variable is declared
C:\Users\user\Documents\magshimim\year 2\cpp class\Trivia\Server\Trivia\JsonRequestPacketDeserializer.h(24,2): warning C4091:  'static ': ignored on left of 'JsonRequestPacketDeserializer' when no variable is declared
  RoomAdminRequestHandler.cpp
C:\Users\user\Documents\magshimim\year 2\cpp class\Trivia\Server\Trivia\JsonResponsePacketSerializer.h(48,2): warning C4091:  'static ': ignored on left of 'JsonResponsePacketSerializer' when no variable is declared
C:\Users\user\Documents\magshimim\year 2\cpp class\Trivia\Server\Trivia\JsonRequestPacketDeserializer.h(24,2): warning C4091:  'static ': ignored on left of 'JsonRequestPacketDeserializer' when no variable is declared
  Server.cpp
C:\Users\user\Documents\magshimim\year 2\cpp class\Trivia\Server\Trivia\JsonResponsePacketSerializer.h(48,2): warning C4091:  'static ': ignored on left of 'JsonResponsePacketSerializer' when no variable is declared
C:\Users\user\Documents\magshimim\year 2\cpp class\Trivia\Server\Trivia\JsonRequestPacketDeserializer.h(24,2): warning C4091:  'static ': ignored on left of 'JsonRequestPacketDeserializer' when no variable is declared
  Source.cpp
C:\Users\user\Documents\magshimim\year 2\cpp class\Trivia\Server\Trivia\JsonResponsePacketSerializer.h(48,2): warning C4091:  'static ': ignored on left of 'JsonResponsePacketSerializer' when no variable is declared
C:\Users\user\Documents\magshimim\year 2\cpp class\Trivia\Server\Trivia\JsonRequestPacketDeserializer.h(24,2): warning C4091:  'static ': ignored on left of 'JsonRequestPacketDeserializer' when no variable is declared
  Generating Code...
C:\Users\user\Documents\magshimim\year 2\cpp class\Trivia\Server\Trivia\JsonResponsePacketSerializer.h(48,2): warning C4091:  'static ': ignored on left of 'JsonResponsePacketSerializer' when no variable is declared
  Trivia.vcxproj -> C:\Users\user\Documents\magshimim\year 2\cpp class\Trivia\Server\x64\Debug\Trivia.exe
