c:\googledrive\magshimim\cpp\15\trivia\trivia-project\server\trivia\x64\debug\vc142.pdb
c:\googledrive\magshimim\cpp\15\trivia\trivia-project\server\trivia\x64\debug\vc142.idb
c:\googledrive\magshimim\cpp\15\trivia\trivia-project\server\trivia\x64\debug\wsainitializer.obj
c:\googledrive\magshimim\cpp\15\trivia\trivia-project\server\trivia\x64\debug\sqlitedatabase.obj
c:\googledrive\magshimim\cpp\15\trivia\trivia-project\server\trivia\x64\debug\source.obj
c:\googledrive\magshimim\cpp\15\trivia\trivia-project\server\trivia\x64\debug\server.obj
c:\googledrive\magshimim\cpp\15\trivia\trivia-project\server\trivia\x64\debug\roommanager.obj
c:\googledrive\magshimim\cpp\15\trivia\trivia-project\server\trivia\x64\debug\roomadminrequesthandler.obj
c:\googledrive\magshimim\cpp\15\trivia\trivia-project\server\trivia\x64\debug\room.obj
c:\googledrive\magshimim\cpp\15\trivia\trivia-project\server\trivia\x64\debug\requesthandlerfactory.obj
c:\googledrive\magshimim\cpp\15\trivia\trivia-project\server\trivia\x64\debug\question.obj
c:\googledrive\magshimim\cpp\15\trivia\trivia-project\server\trivia\x64\debug\menurequesthandler.obj
c:\googledrive\magshimim\cpp\15\trivia\trivia-project\server\trivia\x64\debug\loginrequesthandler.obj
c:\googledrive\magshimim\cpp\15\trivia\trivia-project\server\trivia\x64\debug\loginmanager.obj
c:\googledrive\magshimim\cpp\15\trivia\trivia-project\server\trivia\x64\debug\loggeduser.obj
c:\googledrive\magshimim\cpp\15\trivia\trivia-project\server\trivia\x64\debug\jsonresponsepacketserializer.obj
c:\googledrive\magshimim\cpp\15\trivia\trivia-project\server\trivia\x64\debug\jsonrequestpacketdeserializer.obj
c:\googledrive\magshimim\cpp\15\trivia\trivia-project\server\trivia\x64\debug\highscoretable.obj
c:\googledrive\magshimim\cpp\15\trivia\trivia-project\server\trivia\x64\debug\helper.obj
c:\googledrive\magshimim\cpp\15\trivia\trivia-project\server\trivia\x64\debug\communicator.obj
c:\googledrive\magshimim\cpp\15\trivia\trivia-project\server\trivia\x64\debug\sqlite3.obj
c:\googledrive\magshimim\cpp\15\trivia\trivia-project\server\trivia\x64\debug\roommemberrequesthandler.obj
c:\googledrive\magshimim\cpp\15\trivia\trivia-project\server\trivia\x64\debug\game.obj
c:\googledrive\magshimim\cpp\15\trivia\trivia-project\server\x64\debug\trivia.exe
c:\googledrive\magshimim\cpp\15\trivia\trivia-project\server\x64\debug\trivia.ilk
c:\googledrive\magshimim\cpp\15\trivia\trivia-project\server\x64\debug\trivia.pdb
c:\googledrive\magshimim\cpp\15\trivia\trivia-project\server\trivia\x64\debug\helper.new.obj.enc
c:\googledrive\magshimim\cpp\15\trivia\trivia-project\server\trivia\x64\debug\highscoretable.new.obj.enc
c:\googledrive\magshimim\cpp\15\trivia\trivia-project\server\trivia\x64\debug\jsonrequestpacketdeserializer.new.obj.enc
c:\googledrive\magshimim\cpp\15\trivia\trivia-project\server\trivia\x64\debug\jsonresponsepacketserializer.new.obj.enc
c:\googledrive\magshimim\cpp\15\trivia\trivia-project\server\trivia\x64\debug\trivia.tlog\cl.command.1.tlog
c:\googledrive\magshimim\cpp\15\trivia\trivia-project\server\trivia\x64\debug\trivia.tlog\cl.read.1.tlog
c:\googledrive\magshimim\cpp\15\trivia\trivia-project\server\trivia\x64\debug\trivia.tlog\cl.write.1.tlog
c:\googledrive\magshimim\cpp\15\trivia\trivia-project\server\trivia\x64\debug\trivia.tlog\link.command.1.tlog
c:\googledrive\magshimim\cpp\15\trivia\trivia-project\server\trivia\x64\debug\trivia.tlog\link.read.1.tlog
c:\googledrive\magshimim\cpp\15\trivia\trivia-project\server\trivia\x64\debug\trivia.tlog\link.write.1.tlog
